Flow report for lab1
Thu Feb 23 10:12:08 2023
Quartus Prime Version 18.0.0 Build 614 04/24/2018 SJ Lite Edition


---------------------
; Table of Contents ;
---------------------
  1. Legal Notice
  2. Flow Summary
  3. Flow Settings
  4. Flow Non-Default Global Settings
  5. Flow Elapsed Time
  6. Flow OS Summary
  7. Flow Log
  8. Flow Messages
  9. Flow Suppressed Messages



----------------
; Legal Notice ;
----------------
Copyright (C) 2018  Intel Corporation. All rights reserved.
Your use of Intel Corporation's design tools, logic functions 
and other software and tools, and its AMPP partner logic 
functions, and any output files from any of the foregoing 
(including device programming or simulation files), and any 
associated documentation or information are expressly subject 
to the terms and conditions of the Intel Program License 
Subscription Agreement, the Intel Quartus Prime License Agreement,
the Intel FPGA IP License Agreement, or other applicable license
agreement, including, without limitation, that your use is for
the sole purpose of programming logic devices manufactured by
Intel and sold by Intel or its authorized distributors.  Please
refer to the applicable agreement for further details.



+----------------------------------------------------------------------------------+
; Flow Summary                                                                     ;
+------------------------------------+---------------------------------------------+
; Flow Status                        ; Successful - Thu Feb 23 10:12:08 2023       ;
; Quartus Prime Version              ; 18.0.0 Build 614 04/24/2018 SJ Lite Edition ;
; Revision Name                      ; lab1                                        ;
; Top-level Entity Name              ; lab1                                        ;
; Family                             ; Cyclone IV E                                ;
; Device                             ; EP4CE75F29C7                                ;
; Timing Models                      ; Final                                       ;
; Total logic elements               ; 1 / 75,408 ( < 1 % )                        ;
;     Total combinational functions  ; 1 / 75,408 ( < 1 % )                        ;
;     Dedicated logic registers      ; 0 / 75,408 ( 0 % )                          ;
; Total registers                    ; 0                                           ;
; Total pins                         ; 4 / 427 ( < 1 % )                           ;
; Total virtual pins                 ; 0                                           ;
; Total memory bits                  ; 0 / 2,810,880 ( 0 % )                       ;
; Embedded Multiplier 9-bit elements ; 0 / 400 ( 0 % )                             ;
; Total PLLs                         ; 0 / 4 ( 0 % )                               ;
+------------------------------------+---------------------------------------------+


+-----------------------------------------+
; Flow Settings                           ;
+-------------------+---------------------+
; Option            ; Setting             ;
+-------------------+---------------------+
; Start date & time ; 02/23/2023 00:53:47 ;
; Main task         ; Compilation         ;
; Revision Name     ; lab1                ;
+-------------------+---------------------+


+-------------------------------------------------------------------------------------------------------------------------+
; Flow Non-Default Global Settings                                                                                        ;
+-------------------------------------+----------------------------------------+---------------+-------------+------------+
; Assignment Name                     ; Value                                  ; Default Value ; Entity Name ; Section Id ;
+-------------------------------------+----------------------------------------+---------------+-------------+------------+
; COMPILER_SIGNATURE_ID               ; 176156949959706.167708482704932        ; --            ; --          ; --         ;
; MAX_CORE_JUNCTION_TEMP              ; 85                                     ; --            ; --          ; --         ;
; MIN_CORE_JUNCTION_TEMP              ; 0                                      ; --            ; --          ; --         ;
; NOMINAL_CORE_SUPPLY_VOLTAGE         ; 1.2V                                   ; --            ; --          ; --         ;
; PARTITION_COLOR                     ; -- (Not supported for targeted family) ; --            ; --          ; Top        ;
; PARTITION_FITTER_PRESERVATION_LEVEL ; -- (Not supported for targeted family) ; --            ; --          ; Top        ;
; PARTITION_NETLIST_TYPE              ; -- (Not supported for targeted family) ; --            ; --          ; Top        ;
; PROJECT_OUTPUT_DIRECTORY            ; output_files                           ; --            ; --          ; --         ;
+-------------------------------------+----------------------------------------+---------------+-------------+------------+


+--------------------------------------------------------------------------------------------------------------------------+
; Flow Elapsed Time                                                                                                        ;
+----------------------+--------------+-------------------------+---------------------+------------------------------------+
; Module Name          ; Elapsed Time ; Average Processors Used ; Peak Virtual Memory ; Total CPU Time (on all processors) ;
+----------------------+--------------+-------------------------+---------------------+------------------------------------+
; Analysis & Synthesis ; 00:00:21     ; 1.0                     ; 4783 MB             ; 00:00:04                           ;
; Fitter               ; 00:00:07     ; 1.0                     ; 6407 MB             ; 00:00:03                           ;
; Assembler            ; 00:00:02     ; 1.0                     ; 4679 MB             ; 00:00:00                           ;
; Timing Analyzer      ; 00:00:02     ; 1.1                     ; 4891 MB             ; 00:00:01                           ;
; EDA Netlist Writer   ; 00:00:00     ; 1.0                     ; 4628 MB             ; 00:00:00                           ;
; EDA Netlist Writer   ; 00:00:01     ; 1.0                     ; 4627 MB             ; 00:00:00                           ;
; EDA Netlist Writer   ; 00:00:01     ; 1.0                     ; 4636 MB             ; 00:00:00                           ;
; EDA Netlist Writer   ; 00:00:00     ; 1.0                     ; 4630 MB             ; 00:00:00                           ;
; EDA Netlist Writer   ; 00:00:00     ; 1.0                     ; 4638 MB             ; 00:00:00                           ;
; EDA Netlist Writer   ; 00:00:01     ; 1.0                     ; 4630 MB             ; 00:00:00                           ;
; EDA Netlist Writer   ; 00:00:01     ; 1.0                     ; 4638 MB             ; 00:00:00                           ;
; EDA Netlist Writer   ; 00:00:00     ; 1.0                     ; 4629 MB             ; 00:00:00                           ;
; EDA Netlist Writer   ; 00:00:00     ; 1.0                     ; 4638 MB             ; 00:00:00                           ;
; EDA Netlist Writer   ; 00:00:01     ; 1.0                     ; 4627 MB             ; 00:00:00                           ;
; EDA Netlist Writer   ; 00:00:01     ; 1.0                     ; 4636 MB             ; 00:00:00                           ;
; EDA Netlist Writer   ; 00:00:01     ; 1.0                     ; 4636 MB             ; 00:00:01                           ;
; EDA Netlist Writer   ; 00:00:01     ; 1.0                     ; 4646 MB             ; 00:00:00                           ;
; EDA Netlist Writer   ; 00:00:01     ; 1.0                     ; 4636 MB             ; 00:00:00                           ;
; EDA Netlist Writer   ; 00:00:01     ; 1.0                     ; 4646 MB             ; 00:00:00                           ;
; Total                ; 00:00:42     ; --                      ; --                  ; 00:00:09                           ;
+----------------------+--------------+-------------------------+---------------------+------------------------------------+


+------------------------------------------------------------------------------------+
; Flow OS Summary                                                                    ;
+----------------------+------------------+------------+------------+----------------+
; Module Name          ; Machine Hostname ; OS Name    ; OS Version ; Processor type ;
+----------------------+------------------+------------+------------+----------------+
; Analysis & Synthesis ; 楚河州的天选3    ; Windows 10 ; 10.0       ; x86_64         ;
; Fitter               ; 楚河州的天选3    ; Windows 10 ; 10.0       ; x86_64         ;
; Assembler            ; 楚河州的天选3    ; Windows 10 ; 10.0       ; x86_64         ;
; Timing Analyzer      ; 楚河州的天选3    ; Windows 10 ; 10.0       ; x86_64         ;
; EDA Netlist Writer   ; 楚河州的天选3    ; Windows 10 ; 10.0       ; x86_64         ;
; EDA Netlist Writer   ; 楚河州的天选3    ; Windows 10 ; 10.0       ; x86_64         ;
; EDA Netlist Writer   ; 楚河州的天选3    ; Windows 10 ; 10.0       ; x86_64         ;
; EDA Netlist Writer   ; 楚河州的天选3    ; Windows 10 ; 10.0       ; x86_64         ;
; EDA Netlist Writer   ; 楚河州的天选3    ; Windows 10 ; 10.0       ; x86_64         ;
; EDA Netlist Writer   ; 楚河州的天选3    ; Windows 10 ; 10.0       ; x86_64         ;
; EDA Netlist Writer   ; 楚河州的天选3    ; Windows 10 ; 10.0       ; x86_64         ;
; EDA Netlist Writer   ; 楚河州的天选3    ; Windows 10 ; 10.0       ; x86_64         ;
; EDA Netlist Writer   ; 楚河州的天选3    ; Windows 10 ; 10.0       ; x86_64         ;
; EDA Netlist Writer   ; 楚河州的天选3    ; Windows 10 ; 10.0       ; x86_64         ;
; EDA Netlist Writer   ; 楚河州的天选3    ; Windows 10 ; 10.0       ; x86_64         ;
; EDA Netlist Writer   ; 楚河州的天选3    ; Windows 10 ; 10.0       ; x86_64         ;
; EDA Netlist Writer   ; 楚河州的天选3    ; Windows 10 ; 10.0       ; x86_64         ;
; EDA Netlist Writer   ; 楚河州的天选3    ; Windows 10 ; 10.0       ; x86_64         ;
; EDA Netlist Writer   ; 楚河州的天选3    ; Windows 10 ; 10.0       ; x86_64         ;
+----------------------+------------------+------------+------------+----------------+


------------
; Flow Log ;
------------
quartus_map --read_settings_files=on --write_settings_files=off lab1 -c lab1
quartus_fit --read_settings_files=off --write_settings_files=off lab1 -c lab1
quartus_asm --read_settings_files=off --write_settings_files=off lab1 -c lab1
quartus_sta lab1 -c lab1
quartus_eda --gen_testbench --tool=modelsim_oem --format=verilog --write_settings_files=off lab1 -c lab1 --vector_source="C:/Users/Jiadong Hong/Desktop/ECE385/lab1/Waveform.vwf" --testbench_file="C:/Users/Jiadong Hong/Desktop/ECE385/lab1/simulation/modelsim/Waveform.vwf.vt"
quartus_eda --gen_testbench --tool=modelsim_oem --format=verilog --write_settings_files=off lab1 -c lab1 --vector_source="C:/Users/Jiadong Hong/Desktop/ECE385/lab1/Waveform.vwf" --testbench_file="C:/Users/Jiadong Hong/Desktop/ECE385/lab1/simulation/qsim/Waveform.vwf.vt"
quartus_eda --write_settings_files=off --simulation=on --functional=on --flatten_buses=off --tool=modelsim_oem --format=verilog --output_directory="C:/Users/Jiadong Hong/Desktop/ECE385/lab1/simulation/qsim/" lab1 -c lab1
quartus_eda --gen_testbench --tool=modelsim_oem --format=verilog --write_settings_files=off lab1 -c lab1 --vector_source="C:/Users/Jiadong Hong/Desktop/ECE385/lab1/Waveform.vwf" --testbench_file="C:/Users/Jiadong Hong/Desktop/ECE385/lab1/simulation/qsim/Waveform.vwf.vt"
quartus_eda --write_settings_files=off --simulation=on --functional=on --flatten_buses=off --tool=modelsim_oem --format=verilog --output_directory="C:/Users/Jiadong Hong/Desktop/ECE385/lab1/simulation/qsim/" lab1 -c lab1
quartus_eda --gen_testbench --tool=modelsim_oem --format=verilog --write_settings_files=off lab1 -c lab1 --vector_source="C:/Users/Jiadong Hong/Desktop/ECE385/lab1/Waveform1.vwf" --testbench_file="C:/Users/Jiadong Hong/Desktop/ECE385/lab1/simulation/qsim/Waveform1.vwf.vt"
quartus_eda --write_settings_files=off --simulation=on --functional=on --flatten_buses=off --tool=modelsim_oem --format=verilog --output_directory="C:/Users/Jiadong Hong/Desktop/ECE385/lab1/simulation/qsim/" lab1 -c lab1
quartus_eda --gen_testbench --tool=modelsim_oem --format=verilog --write_settings_files=off lab1 -c lab1 --vector_source="C:/Users/Jiadong Hong/Desktop/ECE385/lab1/Waveform2.vwf" --testbench_file="C:/Users/Jiadong Hong/Desktop/ECE385/lab1/simulation/qsim/Waveform2.vwf.vt"
quartus_eda --write_settings_files=off --simulation=on --functional=on --flatten_buses=off --tool=modelsim_oem --format=verilog --output_directory="C:/Users/Jiadong Hong/Desktop/ECE385/lab1/simulation/qsim/" lab1 -c lab1
quartus_eda --gen_testbench --tool=modelsim_oem --format=verilog --write_settings_files=off lab1 -c lab1 --vector_source="C:/Users/Jiadong Hong/Desktop/ECE385/lab1/Waveform.vwf" --testbench_file="C:/Users/Jiadong Hong/Desktop/ECE385/lab1/simulation/qsim/Waveform.vwf.vt"
quartus_eda --write_settings_files=off --simulation=on --functional=on --flatten_buses=off --tool=modelsim_oem --format=verilog --output_directory="C:/Users/Jiadong Hong/Desktop/ECE385/lab1/simulation/qsim/" lab1 -c lab1
quartus_eda --gen_testbench --tool=modelsim_oem --format=verilog --write_settings_files=off lab1 -c lab1 --vector_source="C:/Users/Jiadong Hong/Desktop/ECE385/lab1/Waveform.vwf" --testbench_file="C:/Users/Jiadong Hong/Desktop/ECE385/lab1/simulation/qsim/Waveform.vwf.vt"
quartus_eda --write_settings_files=off --simulation=on --functional=on --flatten_buses=off --tool=modelsim_oem --format=verilog --output_directory="C:/Users/Jiadong Hong/Desktop/ECE385/lab1/simulation/qsim/" lab1 -c lab1
quartus_eda --gen_testbench --tool=modelsim_oem --format=verilog --write_settings_files=off lab1 -c lab1 --vector_source="C:/Users/Jiadong Hong/Desktop/ECE385/lab1/Waveform1.vwf" --testbench_file="C:/Users/Jiadong Hong/Desktop/ECE385/lab1/simulation/qsim/Waveform1.vwf.vt"
quartus_eda --write_settings_files=off --simulation=on --functional=on --flatten_buses=off --tool=modelsim_oem --format=verilog --output_directory="C:/Users/Jiadong Hong/Desktop/ECE385/lab1/simulation/qsim/" lab1 -c lab1



