Flow report for Lab2
Mon Feb 27 16:22:58 2023
Quartus Prime Version 18.0.0 Build 614 04/24/2018 SJ Lite Edition


---------------------
; Table of Contents ;
---------------------
  1. Legal Notice
  2. Flow Summary
  3. Flow Settings
  4. Flow Non-Default Global Settings
  5. Flow Elapsed Time
  6. Flow OS Summary
  7. Flow Log
  8. Flow Messages
  9. Flow Suppressed Messages



----------------
; Legal Notice ;
----------------
Copyright (C) 2018  Intel Corporation. All rights reserved.
Your use of Intel Corporation's design tools, logic functions 
and other software and tools, and its AMPP partner logic 
functions, and any output files from any of the foregoing 
(including device programming or simulation files), and any 
associated documentation or information are expressly subject 
to the terms and conditions of the Intel Program License 
Subscription Agreement, the Intel Quartus Prime License Agreement,
the Intel FPGA IP License Agreement, or other applicable license
agreement, including, without limitation, that your use is for
the sole purpose of programming logic devices manufactured by
Intel and sold by Intel or its authorized distributors.  Please
refer to the applicable agreement for further details.



+----------------------------------------------------------------------------------+
; Flow Summary                                                                     ;
+------------------------------------+---------------------------------------------+
; Flow Status                        ; Successful - Mon Feb 27 16:22:58 2023       ;
; Quartus Prime Version              ; 18.0.0 Build 614 04/24/2018 SJ Lite Edition ;
; Revision Name                      ; Lab2                                        ;
; Top-level Entity Name              ; Lab2                                        ;
; Family                             ; Cyclone IV GX                               ;
; Total logic elements               ; 15 / 14,400 ( < 1 % )                       ;
;     Total combinational functions  ; 9 / 14,400 ( < 1 % )                        ;
;     Dedicated logic registers      ; 11 / 14,400 ( < 1 % )                       ;
; Total registers                    ; 11                                          ;
; Total pins                         ; 18 / 81 ( 22 % )                            ;
; Total virtual pins                 ; 0                                           ;
; Total memory bits                  ; 0 / 552,960 ( 0 % )                         ;
; Embedded Multiplier 9-bit elements ; 0                                           ;
; Total GXB Receiver Channel PCS     ; 0 / 2 ( 0 % )                               ;
; Total GXB Receiver Channel PMA     ; 0 / 2 ( 0 % )                               ;
; Total GXB Transmitter Channel PCS  ; 0 / 2 ( 0 % )                               ;
; Total GXB Transmitter Channel PMA  ; 0 / 2 ( 0 % )                               ;
; Total PLLs                         ; 0 / 3 ( 0 % )                               ;
; Device                             ; EP4CGX15BF14C6                              ;
; Timing Models                      ; Final                                       ;
+------------------------------------+---------------------------------------------+


+-----------------------------------------+
; Flow Settings                           ;
+-------------------+---------------------+
; Option            ; Setting             ;
+-------------------+---------------------+
; Start date & time ; 02/27/2023 16:11:28 ;
; Main task         ; Compilation         ;
; Revision Name     ; Lab2                ;
+-------------------+---------------------+


+-------------------------------------------------------------------------------------------------------------------------+
; Flow Non-Default Global Settings                                                                                        ;
+-------------------------------------+----------------------------------------+---------------+-------------+------------+
; Assignment Name                     ; Value                                  ; Default Value ; Entity Name ; Section Id ;
+-------------------------------------+----------------------------------------+---------------+-------------+------------+
; COMPILER_SIGNATURE_ID               ; 176156949959706.167748548827676        ; --            ; --          ; --         ;
; PARTITION_COLOR                     ; -- (Not supported for targeted family) ; --            ; --          ; Top        ;
; PARTITION_FITTER_PRESERVATION_LEVEL ; -- (Not supported for targeted family) ; --            ; --          ; Top        ;
; PARTITION_NETLIST_TYPE              ; -- (Not supported for targeted family) ; --            ; --          ; Top        ;
; PROJECT_OUTPUT_DIRECTORY            ; output_files                           ; --            ; --          ; --         ;
+-------------------------------------+----------------------------------------+---------------+-------------+------------+


+--------------------------------------------------------------------------------------------------------------------------+
; Flow Elapsed Time                                                                                                        ;
+----------------------+--------------+-------------------------+---------------------+------------------------------------+
; Module Name          ; Elapsed Time ; Average Processors Used ; Peak Virtual Memory ; Total CPU Time (on all processors) ;
+----------------------+--------------+-------------------------+---------------------+------------------------------------+
; Analysis & Synthesis ; 00:00:13     ; 1.0                     ; 4909 MB             ; 00:00:09                           ;
; Fitter               ; 00:00:09     ; 1.0                     ; 6357 MB             ; 00:00:06                           ;
; Assembler            ; 00:00:03     ; 1.0                     ; 4754 MB             ; 00:00:02                           ;
; Timing Analyzer      ; 00:00:04     ; 1.0                     ; 4880 MB             ; 00:00:02                           ;
; EDA Netlist Writer   ; 00:00:02     ; 1.0                     ; 4707 MB             ; 00:00:01                           ;
; EDA Netlist Writer   ; 00:00:02     ; 1.0                     ; 4707 MB             ; 00:00:01                           ;
; EDA Netlist Writer   ; 00:00:02     ; 1.0                     ; 4707 MB             ; 00:00:02                           ;
; EDA Netlist Writer   ; 00:00:02     ; 1.0                     ; 4707 MB             ; 00:00:01                           ;
; EDA Netlist Writer   ; 00:00:02     ; 1.0                     ; 4707 MB             ; 00:00:02                           ;
; EDA Netlist Writer   ; 00:00:02     ; 1.0                     ; 4707 MB             ; 00:00:02                           ;
; EDA Netlist Writer   ; 00:00:02     ; 1.0                     ; 4707 MB             ; 00:00:01                           ;
; EDA Netlist Writer   ; 00:00:03     ; 1.0                     ; 4712 MB             ; 00:00:02                           ;
; Total                ; 00:00:46     ; --                      ; --                  ; 00:00:31                           ;
+----------------------+--------------+-------------------------+---------------------+------------------------------------+


+------------------------------------------------------------------------------------+
; Flow OS Summary                                                                    ;
+----------------------+------------------+------------+------------+----------------+
; Module Name          ; Machine Hostname ; OS Name    ; OS Version ; Processor type ;
+----------------------+------------------+------------+------------+----------------+
; Analysis & Synthesis ; 楚河州的天选3    ; Windows 10 ; 10.0       ; x86_64         ;
; Fitter               ; 楚河州的天选3    ; Windows 10 ; 10.0       ; x86_64         ;
; Assembler            ; 楚河州的天选3    ; Windows 10 ; 10.0       ; x86_64         ;
; Timing Analyzer      ; 楚河州的天选3    ; Windows 10 ; 10.0       ; x86_64         ;
; EDA Netlist Writer   ; 楚河州的天选3    ; Windows 10 ; 10.0       ; x86_64         ;
; EDA Netlist Writer   ; 楚河州的天选3    ; Windows 10 ; 10.0       ; x86_64         ;
; EDA Netlist Writer   ; 楚河州的天选3    ; Windows 10 ; 10.0       ; x86_64         ;
; EDA Netlist Writer   ; 楚河州的天选3    ; Windows 10 ; 10.0       ; x86_64         ;
; EDA Netlist Writer   ; 楚河州的天选3    ; Windows 10 ; 10.0       ; x86_64         ;
; EDA Netlist Writer   ; 楚河州的天选3    ; Windows 10 ; 10.0       ; x86_64         ;
; EDA Netlist Writer   ; 楚河州的天选3    ; Windows 10 ; 10.0       ; x86_64         ;
; EDA Netlist Writer   ; 楚河州的天选3    ; Windows 10 ; 10.0       ; x86_64         ;
+----------------------+------------------+------------+------------+----------------+


------------
; Flow Log ;
------------
quartus_map --read_settings_files=on --write_settings_files=off Lab2 -c Lab2
quartus_fit --read_settings_files=off --write_settings_files=off Lab2 -c Lab2
quartus_asm --read_settings_files=off --write_settings_files=off Lab2 -c Lab2
quartus_sta Lab2 -c Lab2
quartus_eda --gen_testbench --tool=modelsim_oem --format=verilog --write_settings_files=off Lab2 -c Lab2 --vector_source="C:/Users/chushan/OneDrive - International Campus, Zhejiang University/code/FPGA/ZJUI_Teaching/Lab2test/Waveform2.vwf" --testbench_file="C:/Users/chushan/OneDrive - International Campus, Zhejiang University/code/FPGA/ZJUI_Teaching/Lab2test/simulation/qsim/Waveform2.vwf.vt"
quartus_eda --gen_testbench --tool=modelsim_oem --format=verilog --write_settings_files=off Lab2 -c Lab2 --vector_source=D:/ECE385_Spring2020_Project_Files/Lab2/Waveform2.vwf --testbench_file=D:/ECE385_Spring2020_Project_Files/Lab2/simulation/qsim/Waveform2.vwf.vt
quartus_eda --gen_testbench --tool=modelsim_oem --format=verilog --write_settings_files=off Lab2 -c Lab2 --vector_source=D:/ECE385_Spring2020_Project_Files/Lab2/Waveform2.vwf --testbench_file=D:/ECE385_Spring2020_Project_Files/Lab2/simulation/qsim/Waveform2.vwf.vt
quartus_eda --gen_testbench --tool=modelsim_oem --format=verilog --write_settings_files=off Lab2 -c Lab2 --vector_source="C:/Users/Jiadong Hong/Desktop/ECE385/lab2/Waveform2.vwf" --testbench_file="C:/Users/Jiadong Hong/Desktop/ECE385/lab2/simulation/modelsim/Waveform2.vwf.vt"
quartus_eda --gen_testbench --tool=modelsim_oem --format=verilog --write_settings_files=off Lab2 -c Lab2 --vector_source="C:/Users/chushan/OneDrive - International Campus, Zhejiang University/code/FPGA/ZJUI_Teaching/Lab2test/Waveform2.vwf" --testbench_file="C:/Users/chushan/OneDrive - International Campus, Zhejiang University/code/FPGA/ZJUI_Teaching/Lab2test/simulation/qsim/Waveform2.vwf.vt"
quartus_eda --gen_testbench --tool=modelsim_oem --format=verilog --write_settings_files=off Lab2 -c Lab2 --vector_source="C:/Users/chushan/OneDrive - International Campus, Zhejiang University/code/FPGA/ZJUI_Teaching/Lab2test/Waveform2.vwf" --testbench_file="C:/Users/chushan/OneDrive - International Campus, Zhejiang University/code/FPGA/ZJUI_Teaching/Lab2test/simulation/qsim/Waveform2.vwf.vt"
quartus_eda --gen_testbench --tool=modelsim_oem --format=vhdl --write_settings_files=off Lab2 -c Lab2 --vector_source="C:/Users/Jiadong Hong/Desktop/ECE385/lab2/Waveform2.vwf" --testbench_file="C:/Users/Jiadong Hong/Desktop/ECE385/lab2/simulation/qsim/Waveform2.vwf.vht"
quartus_eda --write_settings_files=off --simulation=on --functional=on --flatten_buses=off --tool=modelsim_oem --format=vhdl --output_directory="C:/Users/Jiadong Hong/Desktop/ECE385/lab2/simulation/qsim/" Lab2 -c Lab2



