Analysis & Synthesis report for Lab2
Mon Feb 27 16:11:39 2023
Quartus Prime Version 18.0.0 Build 614 04/24/2018 SJ Lite Edition


---------------------
; Table of Contents ;
---------------------
  1. Legal Notice
  2. Analysis & Synthesis Summary
  3. Analysis & Synthesis Settings
  4. Parallel Compilation
  5. Analysis & Synthesis Source Files Read
  6. Analysis & Synthesis Resource Usage Summary
  7. Analysis & Synthesis Resource Utilization by Entity
  8. Registers Removed During Synthesis
  9. General Register Statistics
 10. Parameter Settings for User Entity Instance: 7485:inst7
 11. Post-Synthesis Netlist Statistics for Top Partition
 12. Elapsed Time Per Partition
 13. Analysis & Synthesis Messages



----------------
; Legal Notice ;
----------------
Copyright (C) 2018  Intel Corporation. All rights reserved.
Your use of Intel Corporation's design tools, logic functions 
and other software and tools, and its AMPP partner logic 
functions, and any output files from any of the foregoing 
(including device programming or simulation files), and any 
associated documentation or information are expressly subject 
to the terms and conditions of the Intel Program License 
Subscription Agreement, the Intel Quartus Prime License Agreement,
the Intel FPGA IP License Agreement, or other applicable license
agreement, including, without limitation, that your use is for
the sole purpose of programming logic devices manufactured by
Intel and sold by Intel or its authorized distributors.  Please
refer to the applicable agreement for further details.



+----------------------------------------------------------------------------------+
; Analysis & Synthesis Summary                                                     ;
+------------------------------------+---------------------------------------------+
; Analysis & Synthesis Status        ; Successful - Mon Feb 27 16:11:39 2023       ;
; Quartus Prime Version              ; 18.0.0 Build 614 04/24/2018 SJ Lite Edition ;
; Revision Name                      ; Lab2                                        ;
; Top-level Entity Name              ; Lab2                                        ;
; Family                             ; Cyclone IV GX                               ;
; Total logic elements               ; 15                                          ;
;     Total combinational functions  ; 9                                           ;
;     Dedicated logic registers      ; 11                                          ;
; Total registers                    ; 11                                          ;
; Total pins                         ; 18                                          ;
; Total virtual pins                 ; 0                                           ;
; Total memory bits                  ; 0                                           ;
; Embedded Multiplier 9-bit elements ; 0                                           ;
; Total GXB Receiver Channel PCS     ; 0                                           ;
; Total GXB Receiver Channel PMA     ; 0                                           ;
; Total GXB Transmitter Channel PCS  ; 0                                           ;
; Total GXB Transmitter Channel PMA  ; 0                                           ;
; Total PLLs                         ; 0                                           ;
+------------------------------------+---------------------------------------------+


+------------------------------------------------------------------------------------------------------------+
; Analysis & Synthesis Settings                                                                              ;
+------------------------------------------------------------------+--------------------+--------------------+
; Option                                                           ; Setting            ; Default Value      ;
+------------------------------------------------------------------+--------------------+--------------------+
; Top-level entity name                                            ; Lab2               ; Lab2               ;
; Family name                                                      ; Cyclone IV GX      ; Cyclone V          ;
; Use smart compilation                                            ; Off                ; Off                ;
; Enable parallel Assembler and Timing Analyzer during compilation ; On                 ; On                 ;
; Enable compact report table                                      ; Off                ; Off                ;
; Restructure Multiplexers                                         ; Auto               ; Auto               ;
; Create Debugging Nodes for IP Cores                              ; Off                ; Off                ;
; Preserve fewer node names                                        ; On                 ; On                 ;
; Intel FPGA IP Evaluation Mode                                    ; Enable             ; Enable             ;
; Verilog Version                                                  ; Verilog_2001       ; Verilog_2001       ;
; VHDL Version                                                     ; VHDL_1993          ; VHDL_1993          ;
; State Machine Processing                                         ; Auto               ; Auto               ;
; Safe State Machine                                               ; Off                ; Off                ;
; Extract Verilog State Machines                                   ; On                 ; On                 ;
; Extract VHDL State Machines                                      ; On                 ; On                 ;
; Ignore Verilog initial constructs                                ; Off                ; Off                ;
; Iteration limit for constant Verilog loops                       ; 5000               ; 5000               ;
; Iteration limit for non-constant Verilog loops                   ; 250                ; 250                ;
; Add Pass-Through Logic to Inferred RAMs                          ; On                 ; On                 ;
; Infer RAMs from Raw Logic                                        ; On                 ; On                 ;
; Parallel Synthesis                                               ; On                 ; On                 ;
; DSP Block Balancing                                              ; Auto               ; Auto               ;
; NOT Gate Push-Back                                               ; On                 ; On                 ;
; Power-Up Don't Care                                              ; On                 ; On                 ;
; Remove Redundant Logic Cells                                     ; Off                ; Off                ;
; Remove Duplicate Registers                                       ; On                 ; On                 ;
; Ignore CARRY Buffers                                             ; Off                ; Off                ;
; Ignore CASCADE Buffers                                           ; Off                ; Off                ;
; Ignore GLOBAL Buffers                                            ; Off                ; Off                ;
; Ignore ROW GLOBAL Buffers                                        ; Off                ; Off                ;
; Ignore LCELL Buffers                                             ; Off                ; Off                ;
; Ignore SOFT Buffers                                              ; On                 ; On                 ;
; Limit AHDL Integers to 32 Bits                                   ; Off                ; Off                ;
; Optimization Technique                                           ; Balanced           ; Balanced           ;
; Carry Chain Length                                               ; 70                 ; 70                 ;
; Auto Carry Chains                                                ; On                 ; On                 ;
; Auto Open-Drain Pins                                             ; On                 ; On                 ;
; Perform WYSIWYG Primitive Resynthesis                            ; Off                ; Off                ;
; Auto ROM Replacement                                             ; On                 ; On                 ;
; Auto RAM Replacement                                             ; On                 ; On                 ;
; Auto DSP Block Replacement                                       ; On                 ; On                 ;
; Auto Shift Register Replacement                                  ; Auto               ; Auto               ;
; Allow Shift Register Merging across Hierarchies                  ; Auto               ; Auto               ;
; Auto Clock Enable Replacement                                    ; On                 ; On                 ;
; Strict RAM Replacement                                           ; Off                ; Off                ;
; Allow Synchronous Control Signals                                ; On                 ; On                 ;
; Force Use of Synchronous Clear Signals                           ; Off                ; Off                ;
; Auto RAM Block Balancing                                         ; On                 ; On                 ;
; Auto RAM to Logic Cell Conversion                                ; Off                ; Off                ;
; Auto Resource Sharing                                            ; Off                ; Off                ;
; Allow Any RAM Size For Recognition                               ; Off                ; Off                ;
; Allow Any ROM Size For Recognition                               ; Off                ; Off                ;
; Allow Any Shift Register Size For Recognition                    ; Off                ; Off                ;
; Use LogicLock Constraints during Resource Balancing              ; On                 ; On                 ;
; Ignore translate_off and synthesis_off directives                ; Off                ; Off                ;
; Timing-Driven Synthesis                                          ; On                 ; On                 ;
; Report Parameter Settings                                        ; On                 ; On                 ;
; Report Source Assignments                                        ; On                 ; On                 ;
; Report Connectivity Checks                                       ; On                 ; On                 ;
; Ignore Maximum Fan-Out Assignments                               ; Off                ; Off                ;
; Synchronization Register Chain Length                            ; 2                  ; 2                  ;
; Power Optimization During Synthesis                              ; Normal compilation ; Normal compilation ;
; HDL message level                                                ; Level2             ; Level2             ;
; Suppress Register Optimization Related Messages                  ; Off                ; Off                ;
; Number of Removed Registers Reported in Synthesis Report         ; 5000               ; 5000               ;
; Number of Swept Nodes Reported in Synthesis Report               ; 5000               ; 5000               ;
; Number of Inverted Registers Reported in Synthesis Report        ; 100                ; 100                ;
; Clock MUX Protection                                             ; On                 ; On                 ;
; Auto Gated Clock Conversion                                      ; Off                ; Off                ;
; Block Design Naming                                              ; Auto               ; Auto               ;
; SDC constraint protection                                        ; Off                ; Off                ;
; Synthesis Effort                                                 ; Auto               ; Auto               ;
; Shift Register Replacement - Allow Asynchronous Clear Signal     ; On                 ; On                 ;
; Pre-Mapping Resynthesis Optimization                             ; Off                ; Off                ;
; Analysis & Synthesis Message Level                               ; Medium             ; Medium             ;
; Disable Register Merging Across Hierarchies                      ; Auto               ; Auto               ;
; Resource Aware Inference For Block RAM                           ; On                 ; On                 ;
+------------------------------------------------------------------+--------------------+--------------------+


+------------------------------------------+
; Parallel Compilation                     ;
+----------------------------+-------------+
; Processors                 ; Number      ;
+----------------------------+-------------+
; Number detected on machine ; 20          ;
; Maximum allowed            ; 14          ;
;                            ;             ;
; Average used               ; 1.00        ;
; Maximum used               ; 14          ;
;                            ;             ;
; Usage by Processor         ; % Time Used ;
;     Processor 1            ; 100.0%      ;
;     Processors 2-14        ;   0.0%      ;
+----------------------------+-------------+


+------------------------------------------------------------------------------------------------------------------------------------------------------------------------+
; Analysis & Synthesis Source Files Read                                                                                                                                 ;
+----------------------------------+-----------------+------------------------------------+--------------------------------------------------------------------+---------+
; File Name with User-Entered Path ; Used in Netlist ; File Type                          ; File Name with Absolute Path                                       ; Library ;
+----------------------------------+-----------------+------------------------------------+--------------------------------------------------------------------+---------+
; Lab2.bdf                         ; yes             ; User Block Diagram/Schematic File  ; C:/Users/Jiadong Hong/Desktop/ECE385/lab2/Lab2.bdf                 ;         ;
; 7474.bdf                         ; yes             ; Megafunction                       ; c:/intelfpga_lite/18.0/quartus/libraries/others/maxplus2/7474.bdf  ;         ;
; 74153.bdf                        ; yes             ; Megafunction                       ; c:/intelfpga_lite/18.0/quartus/libraries/others/maxplus2/74153.bdf ;         ;
; 74194.bdf                        ; yes             ; Megafunction                       ; c:/intelfpga_lite/18.0/quartus/libraries/others/maxplus2/74194.bdf ;         ;
; 74157.bdf                        ; yes             ; Megafunction                       ; c:/intelfpga_lite/18.0/quartus/libraries/others/maxplus2/74157.bdf ;         ;
; 7485.tdf                         ; yes             ; Megafunction                       ; c:/intelfpga_lite/18.0/quartus/libraries/others/maxplus2/7485.tdf  ;         ;
; aglobal.inc                      ; yes             ; Megafunction                       ; c:/intelfpga_lite/18.0/quartus/libraries/megafunctions/aglobal.inc ;         ;
; f7485.bdf                        ; yes             ; Megafunction                       ; c:/intelfpga_lite/18.0/quartus/libraries/others/maxplus2/f7485.bdf ;         ;
; 7493.bdf                         ; yes             ; Megafunction                       ; c:/intelfpga_lite/18.0/quartus/libraries/others/maxplus2/7493.bdf  ;         ;
+----------------------------------+-----------------+------------------------------------+--------------------------------------------------------------------+---------+


+---------------------------------------------+
; Analysis & Synthesis Resource Usage Summary ;
+--------------------------+------------------+
; Resource                 ; Usage            ;
+--------------------------+------------------+
; I/O pins                 ; 18               ;
;                          ;                  ;
; DSP block 9-bit elements ; 0                ;
;                          ;                  ;
; Maximum fan-out node     ; CLOCK~input      ;
; Maximum fan-out          ; 11               ;
; Total fan-out            ; 79               ;
; Average fan-out          ; 1.41             ;
+--------------------------+------------------+


+----------------------------------------------------------------------------------------------------------------------------------------------------------------------------------------------------------------------+
; Analysis & Synthesis Resource Utilization by Entity                                                                                                                                                                  ;
+----------------------------+---------------------+---------------------------+-------------+--------------+---------+-----------+-----------+------+--------------+---------------------+-------------+--------------+
; Compilation Hierarchy Node ; Combinational ALUTs ; Dedicated Logic Registers ; Memory Bits ; DSP Elements ; DSP 9x9 ; DSP 18x18 ; DSP 36x36 ; Pins ; Virtual Pins ; Full Hierarchy Name ; Entity Name ; Library Name ;
+----------------------------+---------------------+---------------------------+-------------+--------------+---------+-----------+-----------+------+--------------+---------------------+-------------+--------------+
; |Lab2                      ; 9 (2)               ; 11 (0)                    ; 0           ; 0            ; 0       ; 0         ; 0         ; 18   ; 0            ; |Lab2               ; Lab2        ; work         ;
;    |74153:inst4|           ; 4 (4)               ; 0 (0)                     ; 0           ; 0            ; 0       ; 0         ; 0         ; 0    ; 0            ; |Lab2|74153:inst4   ; 74153       ; work         ;
;    |74157:inst5|           ; 2 (2)               ; 0 (0)                     ; 0           ; 0            ; 0       ; 0         ; 0         ; 0    ; 0            ; |Lab2|74157:inst5   ; 74157       ; work         ;
;    |74194:inst2|           ; 0 (0)               ; 4 (4)                     ; 0           ; 0            ; 0       ; 0         ; 0         ; 0    ; 0            ; |Lab2|74194:inst2   ; 74194       ; work         ;
;    |74194:inst|            ; 0 (0)               ; 4 (4)                     ; 0           ; 0            ; 0       ; 0         ; 0         ; 0    ; 0            ; |Lab2|74194:inst    ; 74194       ; work         ;
;    |7474:inst6|            ; 0 (0)               ; 2 (2)                     ; 0           ; 0            ; 0       ; 0         ; 0         ; 0    ; 0            ; |Lab2|7474:inst6    ; 7474        ; work         ;
;    |7493:inst3|            ; 1 (1)               ; 1 (1)                     ; 0           ; 0            ; 0       ; 0         ; 0         ; 0    ; 0            ; |Lab2|7493:inst3    ; 7493        ; work         ;
+----------------------------+---------------------+---------------------------+-------------+--------------+---------+-----------+-----------+------+--------------+---------------------+-------------+--------------+
Note: For table entries with two numbers listed, the numbers in parentheses indicate the number of resources of the given type used by the specific entity alone. The numbers listed outside of parentheses indicate the total resources of the given type used by the specific entity and all of its sub-entities in the hierarchy.


+-------------------------------------------------------------------+
; Registers Removed During Synthesis                                ;
+---------------------------------------+---------------------------+
; Register name                         ; Reason for Removal        ;
+---------------------------------------+---------------------------+
; 7493:inst3|16                         ; Merged with 7493:inst3|15 ;
; Total Number of Removed Registers = 1 ;                           ;
+---------------------------------------+---------------------------+


+------------------------------------------------------+
; General Register Statistics                          ;
+----------------------------------------------+-------+
; Statistic                                    ; Value ;
+----------------------------------------------+-------+
; Total registers                              ; 11    ;
; Number of registers using Synchronous Clear  ; 0     ;
; Number of registers using Synchronous Load   ; 0     ;
; Number of registers using Asynchronous Clear ; 0     ;
; Number of registers using Asynchronous Load  ; 0     ;
; Number of registers using Clock Enable       ; 0     ;
; Number of registers using Preset             ; 0     ;
+----------------------------------------------+-------+


+---------------------------------------------------------+
; Parameter Settings for User Entity Instance: 7485:inst7 ;
+------------------------+---------------+----------------+
; Parameter Name         ; Value         ; Type           ;
+------------------------+---------------+----------------+
; DEVICE_FAMILY          ; Cyclone IV GX ; Untyped        ;
; AUTO_CARRY_CHAINS      ; ON            ; AUTO_CARRY     ;
; IGNORE_CARRY_BUFFERS   ; OFF           ; IGNORE_CARRY   ;
; AUTO_CASCADE_CHAINS    ; ON            ; AUTO_CASCADE   ;
; IGNORE_CASCADE_BUFFERS ; OFF           ; IGNORE_CASCADE ;
+------------------------+---------------+----------------+
Note: In order to hide this table in the UI and the text report file, please set the "Show Parameter Settings in Synthesis Report" option in "Analysis and Synthesis Settings -> More Settings" to "Off".


+-----------------------------------------------------+
; Post-Synthesis Netlist Statistics for Top Partition ;
+-----------------------+-----------------------------+
; Type                  ; Count                       ;
+-----------------------+-----------------------------+
; boundary_port         ; 18                          ;
; cycloneiii_ff         ; 11                          ;
;     plain             ; 11                          ;
; cycloneiii_lcell_comb ; 9                           ;
;     normal            ; 9                           ;
;         1 data inputs ; 1                           ;
;         3 data inputs ; 4                           ;
;         4 data inputs ; 4                           ;
;                       ;                             ;
; Max LUT depth         ; 2.00                        ;
; Average LUT depth     ; 1.39                        ;
+-----------------------+-----------------------------+


+-------------------------------+
; Elapsed Time Per Partition    ;
+----------------+--------------+
; Partition Name ; Elapsed Time ;
+----------------+--------------+
; Top            ; 00:00:00     ;
+----------------+--------------+


+-------------------------------+
; Analysis & Synthesis Messages ;
+-------------------------------+
Info: *******************************************************************
Info: Running Quartus Prime Analysis & Synthesis
    Info: Version 18.0.0 Build 614 04/24/2018 SJ Lite Edition
    Info: Processing started: Mon Feb 27 16:11:26 2023
Info: Command: quartus_map --read_settings_files=on --write_settings_files=off Lab2 -c Lab2
Warning (18236): Number of processors has not been specified which may cause overloading on shared machines.  Set the global assignment NUM_PARALLEL_PROCESSORS in your QSF to an appropriate value for best performance.
Info (20030): Parallel compilation is enabled and will use 14 of the 14 processors detected
Info (12021): Found 1 design units, including 1 entities, in source file lab2.bdf
    Info (12023): Found entity 1: Lab2
Info (12127): Elaborating entity "Lab2" for the top level hierarchy
Info (12128): Elaborating entity "7474" for hierarchy "7474:inst6"
Info (12130): Elaborated megafunction instantiation "7474:inst6"
Info (12128): Elaborating entity "74153" for hierarchy "74153:inst4"
Info (12130): Elaborated megafunction instantiation "74153:inst4"
Info (12128): Elaborating entity "74194" for hierarchy "74194:inst2"
Info (12130): Elaborated megafunction instantiation "74194:inst2"
Info (12128): Elaborating entity "74157" for hierarchy "74157:inst5"
Info (12130): Elaborated megafunction instantiation "74157:inst5"
Info (12128): Elaborating entity "7485" for hierarchy "7485:inst7"
Info (12130): Elaborated megafunction instantiation "7485:inst7"
Info (12128): Elaborating entity "f7485" for hierarchy "7485:inst7|f7485:sub" File: c:/intelfpga_lite/18.0/quartus/libraries/others/maxplus2/7485.tdf Line: 27
Info (12131): Elaborated megafunction instantiation "7485:inst7|f7485:sub", which is child of megafunction instantiation "7485:inst7" File: c:/intelfpga_lite/18.0/quartus/libraries/others/maxplus2/7485.tdf Line: 27
Info (12128): Elaborating entity "7493" for hierarchy "7493:inst3"
Info (12130): Elaborated megafunction instantiation "7493:inst3"
Info (13014): Ignored 1 buffer(s)
    Info (13017): Ignored 1 CASCADE buffer(s)
Info (286030): Timing-Driven Synthesis is running
Info (16010): Generating hard_block partition "hard_block:auto_generated_inst"
    Info (16011): Adding 0 node(s), including 0 DDIO, 0 PLL, 0 transceiver and 0 LCELL
Info (21057): Implemented 33 device resources after synthesis - the final resource count might be different
    Info (21058): Implemented 8 input pins
    Info (21059): Implemented 10 output pins
    Info (21061): Implemented 15 logic cells
Info: Quartus Prime Analysis & Synthesis was successful. 0 errors, 1 warning
    Info: Peak virtual memory: 4909 megabytes
    Info: Processing ended: Mon Feb 27 16:11:39 2023
    Info: Elapsed time: 00:00:13
    Info: Total CPU time (on all processors): 00:00:09


